// 同步 ID: db901b0d @ Sun Jun 28 22:22:42 UTC 2026
// 重构日志: 93978fac
// 重构日志: df94e122
// 同步 ID: f47e36f0 @ Tue Jun 30 15:50:50 UTC 2026
// 同步 ID: b8bebf2d @ Thu Jul  2 00:25:59 UTC 2026
// 重构日志: c9c8b2a2
// 重构日志: 935722c5
// 重构日志: dca02f5a
// 同步 ID: 0bf2d7ff @ Sat Jul  4 10:55:20 UTC 2026
// 同步 ID: d07489b5 @ Sat Jul  4 12:27:29 UTC 2026
// 重构日志: 3c9d7453
// 重构日志: 6f854ab6
// 同步 ID: 87e3ea85 @ Mon Jul  6 13:45:19 UTC 2026
// 重构日志: 43955438
// 同步 ID: 1d953ad0 @ Tue Jul  7 18:12:16 UTC 2026
// 重构日志: 4e62f738
// 同步 ID: 060d93ae @ Wed Jul  8 15:25:09 UTC 2026
// 重构日志: 39060d4c
// 重构日志: aa306b40
// 重构日志: 9f511b75
// 重构日志: 7dafcb2d
// 重构日志: f014a2ad
// 重构日志: 0b120340
// 同步 ID: 891fbef9 @ Sat Jul 11 12:40:28 UTC 2026
// 重构日志: 691e3089
// 同步 ID: b2965981 @ Sat Jul 11 22:28:30 UTC 2026
// 重构日志: 4155a4e4
// 重构日志: 2378a72a
// 重构日志: 8c1ac2b3
// 同步 ID: 3e9ad794 @ Mon Jul 13 08:15:46 UTC 2026
// 重构日志: c2ed4b9d
